  Building 'KernalDriver' with toolset 'WindowsKernelModeDriver10.0' and the 'Universal' target platform.
  Stamping x64\Release\KernalDriver.inf
  Stamping [Version] section with DriverVer=10/23/2023,16.15.57.62
  Communication.c
  Driver.c
  memory.c
  Generating Code...
  KernalDriver.vcxproj -> C:\Users\C\Desktop\Projects\KernalDriver\x64\Release\KernalDriver.sys
  Done Adding Additional Store
  Successfully signed: C:\Users\C\Desktop\Projects\KernalDriver\x64\Release\KernalDriver.sys
  
  Driver is 'Universal'.
  .........................
  Signability test complete.
  
  Errors:
  None
  
  Warnings:
  None
  
  Catalog generation complete.
  C:\Users\C\Desktop\Projects\KernalDriver\x64\Release\KernalDriver\kernaldriver.cat
  Done Adding Additional Store
  Successfully signed: C:\Users\C\Desktop\Projects\KernalDriver\x64\Release\KernalDriver\kernaldriver.cat
  
