c:\users\c\desktop\projects\kernaldriver\kernaldriver\x64\release\vc143.pdb
c:\users\c\desktop\projects\kernaldriver\kernaldriver\x64\release\events.obj
c:\users\c\desktop\projects\kernaldriver\kernaldriver\x64\release\memory.obj
c:\users\c\desktop\projects\kernaldriver\kernaldriver\x64\release\communication.obj
c:\users\c\desktop\projects\kernaldriver\kernaldriver\x64\release\driver.obj
c:\users\c\desktop\projects\kernaldriver\x64\release\kernaldriver\kernaldriver.cat
c:\users\c\desktop\projects\kernaldriver\x64\release\kernaldriver.sys
c:\users\c\desktop\projects\kernaldriver\x64\release\kernaldriver.pdb
c:\users\c\desktop\projects\kernaldriver\kernaldriver\x64\release\kernaldriver.inf
c:\users\c\desktop\projects\kernaldriver\x64\release\kernaldriver.cer
c:\users\c\desktop\projects\kernaldriver\x64\release\kernaldriver.inf
c:\users\c\desktop\projects\kernaldriver\kernaldriver\x64\release\kernaldriver.tlog\cl.command.1.tlog
c:\users\c\desktop\projects\kernaldriver\kernaldriver\x64\release\kernaldriver.tlog\cl.items.tlog
c:\users\c\desktop\projects\kernaldriver\kernaldriver\x64\release\kernaldriver.tlog\cl.read.1.tlog
c:\users\c\desktop\projects\kernaldriver\kernaldriver\x64\release\kernaldriver.tlog\cl.write.1.tlog
c:\users\c\desktop\projects\kernaldriver\kernaldriver\x64\release\kernaldriver.tlog\inf2cat-expand.1028.read.1.tlog
c:\users\c\desktop\projects\kernaldriver\kernaldriver\x64\release\kernaldriver.tlog\inf2cat-expand.1028.write.1.tlog
c:\users\c\desktop\projects\kernaldriver\kernaldriver\x64\release\kernaldriver.tlog\inf2cat-expand.11032.read.1.tlog
c:\users\c\desktop\projects\kernaldriver\kernaldriver\x64\release\kernaldriver.tlog\inf2cat-expand.11032.write.1.tlog
c:\users\c\desktop\projects\kernaldriver\kernaldriver\x64\release\kernaldriver.tlog\inf2cat-expand.11912.read.1.tlog
c:\users\c\desktop\projects\kernaldriver\kernaldriver\x64\release\kernaldriver.tlog\inf2cat-expand.11912.write.1.tlog
c:\users\c\desktop\projects\kernaldriver\kernaldriver\x64\release\kernaldriver.tlog\inf2cat-expand.1200.read.1.tlog
c:\users\c\desktop\projects\kernaldriver\kernaldriver\x64\release\kernaldriver.tlog\inf2cat-expand.1200.write.1.tlog
c:\users\c\desktop\projects\kernaldriver\kernaldriver\x64\release\kernaldriver.tlog\inf2cat-expand.12612.read.1.tlog
c:\users\c\desktop\projects\kernaldriver\kernaldriver\x64\release\kernaldriver.tlog\inf2cat-expand.12612.write.1.tlog
c:\users\c\desktop\projects\kernaldriver\kernaldriver\x64\release\kernaldriver.tlog\inf2cat-expand.15352.read.1.tlog
c:\users\c\desktop\projects\kernaldriver\kernaldriver\x64\release\kernaldriver.tlog\inf2cat-expand.15352.write.1.tlog
c:\users\c\desktop\projects\kernaldriver\kernaldriver\x64\release\kernaldriver.tlog\inf2cat-expand.15416.read.1.tlog
c:\users\c\desktop\projects\kernaldriver\kernaldriver\x64\release\kernaldriver.tlog\inf2cat-expand.15416.write.1.tlog
c:\users\c\desktop\projects\kernaldriver\kernaldriver\x64\release\kernaldriver.tlog\inf2cat-expand.1572.read.1.tlog
c:\users\c\desktop\projects\kernaldriver\kernaldriver\x64\release\kernaldriver.tlog\inf2cat-expand.1572.write.1.tlog
c:\users\c\desktop\projects\kernaldriver\kernaldriver\x64\release\kernaldriver.tlog\inf2cat-expand.16004.read.1.tlog
c:\users\c\desktop\projects\kernaldriver\kernaldriver\x64\release\kernaldriver.tlog\inf2cat-expand.16004.write.1.tlog
c:\users\c\desktop\projects\kernaldriver\kernaldriver\x64\release\kernaldriver.tlog\inf2cat-expand.16308.read.1.tlog
c:\users\c\desktop\projects\kernaldriver\kernaldriver\x64\release\kernaldriver.tlog\inf2cat-expand.16308.write.1.tlog
c:\users\c\desktop\projects\kernaldriver\kernaldriver\x64\release\kernaldriver.tlog\inf2cat-expand.16336.read.1.tlog
c:\users\c\desktop\projects\kernaldriver\kernaldriver\x64\release\kernaldriver.tlog\inf2cat-expand.16336.write.1.tlog
c:\users\c\desktop\projects\kernaldriver\kernaldriver\x64\release\kernaldriver.tlog\inf2cat-expand.16408.read.1.tlog
c:\users\c\desktop\projects\kernaldriver\kernaldriver\x64\release\kernaldriver.tlog\inf2cat-expand.16408.write.1.tlog
c:\users\c\desktop\projects\kernaldriver\kernaldriver\x64\release\kernaldriver.tlog\inf2cat-expand.16424.read.1.tlog
c:\users\c\desktop\projects\kernaldriver\kernaldriver\x64\release\kernaldriver.tlog\inf2cat-expand.16424.write.1.tlog
c:\users\c\desktop\projects\kernaldriver\kernaldriver\x64\release\kernaldriver.tlog\inf2cat-expand.16720.read.1.tlog
c:\users\c\desktop\projects\kernaldriver\kernaldriver\x64\release\kernaldriver.tlog\inf2cat-expand.16720.write.1.tlog
c:\users\c\desktop\projects\kernaldriver\kernaldriver\x64\release\kernaldriver.tlog\inf2cat-expand.17264.read.1.tlog
c:\users\c\desktop\projects\kernaldriver\kernaldriver\x64\release\kernaldriver.tlog\inf2cat-expand.17264.write.1.tlog
c:\users\c\desktop\projects\kernaldriver\kernaldriver\x64\release\kernaldriver.tlog\inf2cat-expand.18512.read.1.tlog
c:\users\c\desktop\projects\kernaldriver\kernaldriver\x64\release\kernaldriver.tlog\inf2cat-expand.18512.write.1.tlog
c:\users\c\desktop\projects\kernaldriver\kernaldriver\x64\release\kernaldriver.tlog\inf2cat-expand.19076.read.1.tlog
c:\users\c\desktop\projects\kernaldriver\kernaldriver\x64\release\kernaldriver.tlog\inf2cat-expand.19076.write.1.tlog
c:\users\c\desktop\projects\kernaldriver\kernaldriver\x64\release\kernaldriver.tlog\inf2cat-expand.19096.read.1.tlog
c:\users\c\desktop\projects\kernaldriver\kernaldriver\x64\release\kernaldriver.tlog\inf2cat-expand.19096.write.1.tlog
c:\users\c\desktop\projects\kernaldriver\kernaldriver\x64\release\kernaldriver.tlog\inf2cat-expand.19168.read.1.tlog
c:\users\c\desktop\projects\kernaldriver\kernaldriver\x64\release\kernaldriver.tlog\inf2cat-expand.19168.write.1.tlog
c:\users\c\desktop\projects\kernaldriver\kernaldriver\x64\release\kernaldriver.tlog\inf2cat-expand.19612.read.1.tlog
c:\users\c\desktop\projects\kernaldriver\kernaldriver\x64\release\kernaldriver.tlog\inf2cat-expand.19612.write.1.tlog
c:\users\c\desktop\projects\kernaldriver\kernaldriver\x64\release\kernaldriver.tlog\inf2cat-expand.19856.read.1.tlog
c:\users\c\desktop\projects\kernaldriver\kernaldriver\x64\release\kernaldriver.tlog\inf2cat-expand.19856.write.1.tlog
c:\users\c\desktop\projects\kernaldriver\kernaldriver\x64\release\kernaldriver.tlog\inf2cat-expand.20368.read.1.tlog
c:\users\c\desktop\projects\kernaldriver\kernaldriver\x64\release\kernaldriver.tlog\inf2cat-expand.20368.write.1.tlog
c:\users\c\desktop\projects\kernaldriver\kernaldriver\x64\release\kernaldriver.tlog\inf2cat-expand.20416.read.1.tlog
c:\users\c\desktop\projects\kernaldriver\kernaldriver\x64\release\kernaldriver.tlog\inf2cat-expand.20416.write.1.tlog
c:\users\c\desktop\projects\kernaldriver\kernaldriver\x64\release\kernaldriver.tlog\inf2cat-expand.20976.read.1.tlog
c:\users\c\desktop\projects\kernaldriver\kernaldriver\x64\release\kernaldriver.tlog\inf2cat-expand.20976.write.1.tlog
c:\users\c\desktop\projects\kernaldriver\kernaldriver\x64\release\kernaldriver.tlog\inf2cat-expand.21028.read.1.tlog
c:\users\c\desktop\projects\kernaldriver\kernaldriver\x64\release\kernaldriver.tlog\inf2cat-expand.21028.write.1.tlog
c:\users\c\desktop\projects\kernaldriver\kernaldriver\x64\release\kernaldriver.tlog\inf2cat-expand.21264.read.1.tlog
c:\users\c\desktop\projects\kernaldriver\kernaldriver\x64\release\kernaldriver.tlog\inf2cat-expand.21264.write.1.tlog
c:\users\c\desktop\projects\kernaldriver\kernaldriver\x64\release\kernaldriver.tlog\inf2cat-expand.21716.read.1.tlog
c:\users\c\desktop\projects\kernaldriver\kernaldriver\x64\release\kernaldriver.tlog\inf2cat-expand.21716.write.1.tlog
c:\users\c\desktop\projects\kernaldriver\kernaldriver\x64\release\kernaldriver.tlog\inf2cat-expand.22692.read.1.tlog
c:\users\c\desktop\projects\kernaldriver\kernaldriver\x64\release\kernaldriver.tlog\inf2cat-expand.22692.write.1.tlog
c:\users\c\desktop\projects\kernaldriver\kernaldriver\x64\release\kernaldriver.tlog\inf2cat-expand.23072.read.1.tlog
c:\users\c\desktop\projects\kernaldriver\kernaldriver\x64\release\kernaldriver.tlog\inf2cat-expand.23072.write.1.tlog
c:\users\c\desktop\projects\kernaldriver\kernaldriver\x64\release\kernaldriver.tlog\inf2cat-expand.23964.read.1.tlog
c:\users\c\desktop\projects\kernaldriver\kernaldriver\x64\release\kernaldriver.tlog\inf2cat-expand.23964.write.1.tlog
c:\users\c\desktop\projects\kernaldriver\kernaldriver\x64\release\kernaldriver.tlog\inf2cat-expand.26568.read.1.tlog
c:\users\c\desktop\projects\kernaldriver\kernaldriver\x64\release\kernaldriver.tlog\inf2cat-expand.26568.write.1.tlog
c:\users\c\desktop\projects\kernaldriver\kernaldriver\x64\release\kernaldriver.tlog\inf2cat-expand.276.read.1.tlog
c:\users\c\desktop\projects\kernaldriver\kernaldriver\x64\release\kernaldriver.tlog\inf2cat-expand.276.write.1.tlog
c:\users\c\desktop\projects\kernaldriver\kernaldriver\x64\release\kernaldriver.tlog\inf2cat-expand.3940.read.1.tlog
c:\users\c\desktop\projects\kernaldriver\kernaldriver\x64\release\kernaldriver.tlog\inf2cat-expand.3940.write.1.tlog
c:\users\c\desktop\projects\kernaldriver\kernaldriver\x64\release\kernaldriver.tlog\inf2cat-expand.3984.read.1.tlog
c:\users\c\desktop\projects\kernaldriver\kernaldriver\x64\release\kernaldriver.tlog\inf2cat-expand.3984.write.1.tlog
c:\users\c\desktop\projects\kernaldriver\kernaldriver\x64\release\kernaldriver.tlog\inf2cat-expand.4052.read.1.tlog
c:\users\c\desktop\projects\kernaldriver\kernaldriver\x64\release\kernaldriver.tlog\inf2cat-expand.4052.write.1.tlog
c:\users\c\desktop\projects\kernaldriver\kernaldriver\x64\release\kernaldriver.tlog\inf2cat-expand.4408.read.1.tlog
c:\users\c\desktop\projects\kernaldriver\kernaldriver\x64\release\kernaldriver.tlog\inf2cat-expand.4408.write.1.tlog
c:\users\c\desktop\projects\kernaldriver\kernaldriver\x64\release\kernaldriver.tlog\inf2cat-expand.5268.read.1.tlog
c:\users\c\desktop\projects\kernaldriver\kernaldriver\x64\release\kernaldriver.tlog\inf2cat-expand.5268.write.1.tlog
c:\users\c\desktop\projects\kernaldriver\kernaldriver\x64\release\kernaldriver.tlog\inf2cat-expand.5344.read.1.tlog
c:\users\c\desktop\projects\kernaldriver\kernaldriver\x64\release\kernaldriver.tlog\inf2cat-expand.5344.write.1.tlog
c:\users\c\desktop\projects\kernaldriver\kernaldriver\x64\release\kernaldriver.tlog\inf2cat-expand.5964.read.1.tlog
c:\users\c\desktop\projects\kernaldriver\kernaldriver\x64\release\kernaldriver.tlog\inf2cat-expand.5964.write.1.tlog
c:\users\c\desktop\projects\kernaldriver\kernaldriver\x64\release\kernaldriver.tlog\inf2cat-expand.5980.read.1.tlog
c:\users\c\desktop\projects\kernaldriver\kernaldriver\x64\release\kernaldriver.tlog\inf2cat-expand.5980.write.1.tlog
c:\users\c\desktop\projects\kernaldriver\kernaldriver\x64\release\kernaldriver.tlog\inf2cat-expand.6728.read.1.tlog
c:\users\c\desktop\projects\kernaldriver\kernaldriver\x64\release\kernaldriver.tlog\inf2cat-expand.6728.write.1.tlog
c:\users\c\desktop\projects\kernaldriver\kernaldriver\x64\release\kernaldriver.tlog\inf2cat-expand.6744.read.1.tlog
c:\users\c\desktop\projects\kernaldriver\kernaldriver\x64\release\kernaldriver.tlog\inf2cat-expand.6744.write.1.tlog
c:\users\c\desktop\projects\kernaldriver\kernaldriver\x64\release\kernaldriver.tlog\inf2cat-expand.6768.read.1.tlog
c:\users\c\desktop\projects\kernaldriver\kernaldriver\x64\release\kernaldriver.tlog\inf2cat-expand.6768.write.1.tlog
c:\users\c\desktop\projects\kernaldriver\kernaldriver\x64\release\kernaldriver.tlog\inf2cat-expand.7916.read.1.tlog
c:\users\c\desktop\projects\kernaldriver\kernaldriver\x64\release\kernaldriver.tlog\inf2cat-expand.7916.write.1.tlog
c:\users\c\desktop\projects\kernaldriver\kernaldriver\x64\release\kernaldriver.tlog\inf2cat-expand.8036.read.1.tlog
c:\users\c\desktop\projects\kernaldriver\kernaldriver\x64\release\kernaldriver.tlog\inf2cat-expand.8036.write.1.tlog
c:\users\c\desktop\projects\kernaldriver\kernaldriver\x64\release\kernaldriver.tlog\inf2cat-expand.8580.read.1.tlog
c:\users\c\desktop\projects\kernaldriver\kernaldriver\x64\release\kernaldriver.tlog\inf2cat-expand.8580.write.1.tlog
c:\users\c\desktop\projects\kernaldriver\kernaldriver\x64\release\kernaldriver.tlog\inf2cat-expand.9032.read.1.tlog
c:\users\c\desktop\projects\kernaldriver\kernaldriver\x64\release\kernaldriver.tlog\inf2cat-expand.9032.write.1.tlog
c:\users\c\desktop\projects\kernaldriver\kernaldriver\x64\release\kernaldriver.tlog\inf2cat-expand.9160.read.1.tlog
c:\users\c\desktop\projects\kernaldriver\kernaldriver\x64\release\kernaldriver.tlog\inf2cat-expand.9160.write.1.tlog
c:\users\c\desktop\projects\kernaldriver\kernaldriver\x64\release\kernaldriver.tlog\inf2cat-expand.9952.read.1.tlog
c:\users\c\desktop\projects\kernaldriver\kernaldriver\x64\release\kernaldriver.tlog\inf2cat-expand.9952.write.1.tlog
c:\users\c\desktop\projects\kernaldriver\kernaldriver\x64\release\kernaldriver.tlog\inf2cat-expand.read.1.tlog
c:\users\c\desktop\projects\kernaldriver\kernaldriver\x64\release\kernaldriver.tlog\inf2cat-expand.write.1.tlog
c:\users\c\desktop\projects\kernaldriver\kernaldriver\x64\release\kernaldriver.tlog\inf2cat.command.1.tlog
c:\users\c\desktop\projects\kernaldriver\kernaldriver\x64\release\kernaldriver.tlog\inf2cat.read.1.tlog
c:\users\c\desktop\projects\kernaldriver\kernaldriver\x64\release\kernaldriver.tlog\inf2cat.write.1.tlog
c:\users\c\desktop\projects\kernaldriver\kernaldriver\x64\release\kernaldriver.tlog\link.command.1.tlog
c:\users\c\desktop\projects\kernaldriver\kernaldriver\x64\release\kernaldriver.tlog\link.read.1.tlog
c:\users\c\desktop\projects\kernaldriver\kernaldriver\x64\release\kernaldriver.tlog\link.write.1.tlog
c:\users\c\desktop\projects\kernaldriver\kernaldriver\x64\release\kernaldriver.tlog\signtool.command.1.tlog
c:\users\c\desktop\projects\kernaldriver\kernaldriver\x64\release\kernaldriver.tlog\signtool.read.1.tlog
c:\users\c\desktop\projects\kernaldriver\kernaldriver\x64\release\kernaldriver.tlog\signtool.timestamp.1.tlog
c:\users\c\desktop\projects\kernaldriver\kernaldriver\x64\release\kernaldriver.tlog\signtool.write.1.tlog
c:\users\c\desktop\projects\kernaldriver\kernaldriver\x64\release\kernaldriver.tlog\stampinf.command.1.tlog
c:\users\c\desktop\projects\kernaldriver\kernaldriver\x64\release\kernaldriver.tlog\stampinf.read.1.tlog
c:\users\c\desktop\projects\kernaldriver\kernaldriver\x64\release\kernaldriver.tlog\stampinf.write.1.tlog
